-- The C compiler identification is GNU 11.4.0
-- The CXX compiler identification is GNU 11.4.0
-- Detecting C compiler ABI info
-- Detecting C compiler ABI info - done
-- Check for working C compiler: /usr/bin/cc - skipped
-- Detecting C compile features
-- Detecting C compile features - done
-- Detecting CXX compiler ABI info
-- Detecting CXX compiler ABI info - done
-- Check for working CXX compiler: /usr/bin/c++ - skipped
-- Detecting CXX compile features
-- Detecting CXX compile features - done
-- Found ament_cmake: 1.3.9 (/opt/ros/humble/share/ament_cmake/cmake)
-- Found Python3: /usr/bin/python3 (found version "3.10.12") found components: Interpreter
-- Found rclcpp: 16.0.9 (/opt/ros/humble/share/rclcpp/cmake)
-- Found rosidl_generator_c: 3.1.5 (/opt/ros/humble/share/rosidl_generator_c/cmake)
-- Found rosidl_adapter: 3.1.5 (/opt/ros/humble/share/rosidl_adapter/cmake)
-- Found rosidl_generator_cpp: 3.1.5 (/opt/ros/humble/share/rosidl_generator_cpp/cmake)
-- Using all available rosidl_typesupport_c: rosidl_typesupport_fastrtps_c;rosidl_typesupport_introspection_c
-- Using all available rosidl_typesupport_cpp: rosidl_typesupport_fastrtps_cpp;rosidl_typesupport_introspection_cpp
-- Found rmw_implementation_cmake: 6.1.2 (/opt/ros/humble/share/rmw_implementation_cmake/cmake)
-- Found rmw_cyclonedds_cpp: 1.3.4 (/opt/ros/humble/share/rmw_cyclonedds_cpp/cmake)
-- Using RMW implementation 'rmw_cyclonedds_cpp' as default
-- Performing Test CMAKE_HAVE_LIBC_PTHREAD
-- Performing Test CMAKE_HAVE_LIBC_PTHREAD - Success
-- Found Threads: TRUE
-- Found rclcpp_components: 16.0.9 (/opt/ros/humble/share/rclcpp_components/cmake)
-- Found example_interfaces: 0.9.3 (/opt/ros/humble/share/example_interfaces/cmake)
-- Configuring done (2.7s)
-- Generating done (0.0s)
-- Build files have been written to: /home/albert/udem2_ws/build/components_cpp
[ 16%] [32mBuilding CXX object CMakeFiles/manual_composition.dir/src/manual_composition.cpp.o[0m
[ 50%] [32mBuilding CXX object CMakeFiles/manual_composition.dir/src/node2.cpp.o[0m
[ 50%] [32mBuilding CXX object CMakeFiles/manual_composition.dir/src/node1.cpp.o[0m
[ 66%] [32mBuilding CXX object CMakeFiles/number_pub_component.dir/src/number_publisher.cpp.o[0m
[ 83%] [32m[1mLinking CXX executable manual_composition[0m
[ 83%] Built target manual_composition
[100%] [32m[1mLinking CXX shared library libnumber_pub_component.so[0m
[100%] Built target number_pub_component
-- Install configuration: ""
-- Installing: /home/albert/udem2_ws/install/components_cpp/lib/libnumber_pub_component.so
-- Set non-toolchain portion of runtime path of "/home/albert/udem2_ws/install/components_cpp/lib/libnumber_pub_component.so" to ""
-- Installing: /home/albert/udem2_ws/install/components_cpp/lib/components_cpp/manual_composition
-- Set non-toolchain portion of runtime path of "/home/albert/udem2_ws/install/components_cpp/lib/components_cpp/manual_composition" to ""
-- Installing: /home/albert/udem2_ws/install/components_cpp/share/ament_index/resource_index/package_run_dependencies/components_cpp
-- Installing: /home/albert/udem2_ws/install/components_cpp/share/ament_index/resource_index/parent_prefix_path/components_cpp
-- Installing: /home/albert/udem2_ws/install/components_cpp/share/components_cpp/environment/ament_prefix_path.sh
-- Installing: /home/albert/udem2_ws/install/components_cpp/share/components_cpp/environment/ament_prefix_path.dsv
-- Installing: /home/albert/udem2_ws/install/components_cpp/share/components_cpp/environment/path.sh
-- Installing: /home/albert/udem2_ws/install/components_cpp/share/components_cpp/environment/path.dsv
-- Installing: /home/albert/udem2_ws/install/components_cpp/share/components_cpp/local_setup.bash
-- Installing: /home/albert/udem2_ws/install/components_cpp/share/components_cpp/local_setup.sh
-- Installing: /home/albert/udem2_ws/install/components_cpp/share/components_cpp/local_setup.zsh
-- Installing: /home/albert/udem2_ws/install/components_cpp/share/components_cpp/local_setup.dsv
-- Installing: /home/albert/udem2_ws/install/components_cpp/share/components_cpp/package.dsv
-- Installing: /home/albert/udem2_ws/install/components_cpp/share/ament_index/resource_index/packages/components_cpp
-- Installing: /home/albert/udem2_ws/install/components_cpp/share/ament_index/resource_index/rclcpp_components/components_cpp
-- Installing: /home/albert/udem2_ws/install/components_cpp/share/components_cpp/cmake/components_cppConfig.cmake
-- Installing: /home/albert/udem2_ws/install/components_cpp/share/components_cpp/cmake/components_cppConfig-version.cmake
-- Installing: /home/albert/udem2_ws/install/components_cpp/share/components_cpp/package.xml
