[0.401s] Invoking command in '/home/albert/udem2_ws/build/components_cpp': CMAKE_PREFIX_PATH=${CMAKE_PREFIX_PATH}:/home/albert/bcdc_ws/install/agbot_teleop:/home/albert/bcdc_ws/install/agbot_py:/home/albert/ws_moveit2/install/moveit_configs_utils:/home/albert/ws_moveit2/install/launch_param_builder:/home/albert/umov_ws/install/arduino_py_examples:/home/albert/udem2_ws/install/actions_py:/home/albert/udem2_ws/install/lifecycle_py:/home/albert/udem2_ws/install/executors_py:/home/albert/udem2_ws/install/components_py:/home/albert/udem_ws/install/turtlesim_catcher:/home/albert/udem_ws/install/my_py_pkg:/home/albert/udem_ws/install/lifecycle_py:/home/albert/arduinobot_ws/install/arduinobot_py_examples:/opt/ros/humble /home/albert/.local/bin/cmake /home/albert/udem2_ws/src/components_cpp -DCMAKE_INSTALL_PREFIX=/home/albert/udem2_ws/install/components_cpp
[0.775s] -- The C compiler identification is GNU 11.4.0
[0.775s] -- The CXX compiler identification is GNU 11.4.0
[0.775s] -- Detecting C compiler ABI info
[0.775s] -- Detecting C compiler ABI info - done
[0.776s] -- Check for working C compiler: /usr/bin/cc - skipped
[0.776s] -- Detecting C compile features
[0.776s] -- Detecting C compile features - done
[0.776s] -- Detecting CXX compiler ABI info
[0.776s] -- Detecting CXX compiler ABI info - done
[0.776s] -- Check for working CXX compiler: /usr/bin/c++ - skipped
[0.776s] -- Detecting CXX compile features
[0.776s] -- Detecting CXX compile features - done
[0.784s] -- Found ament_cmake: 1.3.9 (/opt/ros/humble/share/ament_cmake/cmake)
[0.983s] -- Found Python3: /usr/bin/python3 (found version "3.10.12") found components: Interpreter
[1.243s] -- Found rclcpp: 16.0.9 (/opt/ros/humble/share/rclcpp/cmake)
[1.454s] -- Found rosidl_generator_c: 3.1.5 (/opt/ros/humble/share/rosidl_generator_c/cmake)
[1.482s] -- Found rosidl_adapter: 3.1.5 (/opt/ros/humble/share/rosidl_adapter/cmake)
[1.520s] -- Found rosidl_generator_cpp: 3.1.5 (/opt/ros/humble/share/rosidl_generator_cpp/cmake)
[1.592s] -- Using all available rosidl_typesupport_c: rosidl_typesupport_fastrtps_c;rosidl_typesupport_introspection_c
[1.713s] -- Using all available rosidl_typesupport_cpp: rosidl_typesupport_fastrtps_cpp;rosidl_typesupport_introspection_cpp
[2.077s] -- Found rmw_implementation_cmake: 6.1.2 (/opt/ros/humble/share/rmw_implementation_cmake/cmake)
[2.114s] -- Found rmw_cyclonedds_cpp: 1.3.4 (/opt/ros/humble/share/rmw_cyclonedds_cpp/cmake)
[2.290s] -- Using RMW implementation 'rmw_cyclonedds_cpp' as default
[2.332s] -- Performing Test CMAKE_HAVE_LIBC_PTHREAD
[2.420s] -- Performing Test CMAKE_HAVE_LIBC_PTHREAD - Success
[2.421s] -- Found Threads: TRUE
[2.689s] -- Found rclcpp_components: 16.0.9 (/opt/ros/humble/share/rclcpp_components/cmake)
[2.810s] -- Found example_interfaces: 0.9.3 (/opt/ros/humble/share/example_interfaces/cmake)
[3.096s] -- Configuring done (2.7s)
[3.120s] -- Generating done (0.0s)
[3.123s] -- Build files have been written to: /home/albert/udem2_ws/build/components_cpp
[3.135s] Invoked command in '/home/albert/udem2_ws/build/components_cpp' returned '0': CMAKE_PREFIX_PATH=${CMAKE_PREFIX_PATH}:/home/albert/bcdc_ws/install/agbot_teleop:/home/albert/bcdc_ws/install/agbot_py:/home/albert/ws_moveit2/install/moveit_configs_utils:/home/albert/ws_moveit2/install/launch_param_builder:/home/albert/umov_ws/install/arduino_py_examples:/home/albert/udem2_ws/install/actions_py:/home/albert/udem2_ws/install/lifecycle_py:/home/albert/udem2_ws/install/executors_py:/home/albert/udem2_ws/install/components_py:/home/albert/udem_ws/install/turtlesim_catcher:/home/albert/udem_ws/install/my_py_pkg:/home/albert/udem_ws/install/lifecycle_py:/home/albert/arduinobot_ws/install/arduinobot_py_examples:/opt/ros/humble /home/albert/.local/bin/cmake /home/albert/udem2_ws/src/components_cpp -DCMAKE_INSTALL_PREFIX=/home/albert/udem2_ws/install/components_cpp
[3.138s] Invoking command in '/home/albert/udem2_ws/build/components_cpp': CMAKE_PREFIX_PATH=${CMAKE_PREFIX_PATH}:/home/albert/bcdc_ws/install/agbot_teleop:/home/albert/bcdc_ws/install/agbot_py:/home/albert/ws_moveit2/install/moveit_configs_utils:/home/albert/ws_moveit2/install/launch_param_builder:/home/albert/umov_ws/install/arduino_py_examples:/home/albert/udem2_ws/install/actions_py:/home/albert/udem2_ws/install/lifecycle_py:/home/albert/udem2_ws/install/executors_py:/home/albert/udem2_ws/install/components_py:/home/albert/udem_ws/install/turtlesim_catcher:/home/albert/udem_ws/install/my_py_pkg:/home/albert/udem_ws/install/lifecycle_py:/home/albert/arduinobot_ws/install/arduinobot_py_examples:/opt/ros/humble /home/albert/.local/bin/cmake --build /home/albert/udem2_ws/build/components_cpp -- -j8 -l8
[3.176s] [ 16%] [32mBuilding CXX object CMakeFiles/manual_composition.dir/src/manual_composition.cpp.o[0m
[3.177s] [ 50%] [32mBuilding CXX object CMakeFiles/manual_composition.dir/src/node2.cpp.o[0m
[3.177s] [ 50%] [32mBuilding CXX object CMakeFiles/manual_composition.dir/src/node1.cpp.o[0m
[3.178s] [ 66%] [32mBuilding CXX object CMakeFiles/number_pub_component.dir/src/number_publisher.cpp.o[0m
[10.170s] [ 83%] [32m[1mLinking CXX executable manual_composition[0m
[10.623s] [ 83%] Built target manual_composition
[12.688s] [100%] [32m[1mLinking CXX shared library libnumber_pub_component.so[0m
[12.925s] [100%] Built target number_pub_component
[12.932s] Invoked command in '/home/albert/udem2_ws/build/components_cpp' returned '0': CMAKE_PREFIX_PATH=${CMAKE_PREFIX_PATH}:/home/albert/bcdc_ws/install/agbot_teleop:/home/albert/bcdc_ws/install/agbot_py:/home/albert/ws_moveit2/install/moveit_configs_utils:/home/albert/ws_moveit2/install/launch_param_builder:/home/albert/umov_ws/install/arduino_py_examples:/home/albert/udem2_ws/install/actions_py:/home/albert/udem2_ws/install/lifecycle_py:/home/albert/udem2_ws/install/executors_py:/home/albert/udem2_ws/install/components_py:/home/albert/udem_ws/install/turtlesim_catcher:/home/albert/udem_ws/install/my_py_pkg:/home/albert/udem_ws/install/lifecycle_py:/home/albert/arduinobot_ws/install/arduinobot_py_examples:/opt/ros/humble /home/albert/.local/bin/cmake --build /home/albert/udem2_ws/build/components_cpp -- -j8 -l8
[13.022s] Invoking command in '/home/albert/udem2_ws/build/components_cpp': CMAKE_PREFIX_PATH=${CMAKE_PREFIX_PATH}:/home/albert/bcdc_ws/install/agbot_teleop:/home/albert/bcdc_ws/install/agbot_py:/home/albert/ws_moveit2/install/moveit_configs_utils:/home/albert/ws_moveit2/install/launch_param_builder:/home/albert/umov_ws/install/arduino_py_examples:/home/albert/udem2_ws/install/actions_py:/home/albert/udem2_ws/install/lifecycle_py:/home/albert/udem2_ws/install/executors_py:/home/albert/udem2_ws/install/components_py:/home/albert/udem_ws/install/turtlesim_catcher:/home/albert/udem_ws/install/my_py_pkg:/home/albert/udem_ws/install/lifecycle_py:/home/albert/arduinobot_ws/install/arduinobot_py_examples:/opt/ros/humble /home/albert/.local/bin/cmake --install /home/albert/udem2_ws/build/components_cpp
[13.027s] -- Install configuration: ""
[13.027s] -- Installing: /home/albert/udem2_ws/install/components_cpp/lib/libnumber_pub_component.so
[13.030s] -- Set non-toolchain portion of runtime path of "/home/albert/udem2_ws/install/components_cpp/lib/libnumber_pub_component.so" to ""
[13.030s] -- Installing: /home/albert/udem2_ws/install/components_cpp/lib/components_cpp/manual_composition
[13.031s] -- Set non-toolchain portion of runtime path of "/home/albert/udem2_ws/install/components_cpp/lib/components_cpp/manual_composition" to ""
[13.031s] -- Installing: /home/albert/udem2_ws/install/components_cpp/share/ament_index/resource_index/package_run_dependencies/components_cpp
[13.031s] -- Installing: /home/albert/udem2_ws/install/components_cpp/share/ament_index/resource_index/parent_prefix_path/components_cpp
[13.032s] -- Installing: /home/albert/udem2_ws/install/components_cpp/share/components_cpp/environment/ament_prefix_path.sh
[13.032s] -- Installing: /home/albert/udem2_ws/install/components_cpp/share/components_cpp/environment/ament_prefix_path.dsv
[13.032s] -- Installing: /home/albert/udem2_ws/install/components_cpp/share/components_cpp/environment/path.sh
[13.032s] -- Installing: /home/albert/udem2_ws/install/components_cpp/share/components_cpp/environment/path.dsv
[13.032s] -- Installing: /home/albert/udem2_ws/install/components_cpp/share/components_cpp/local_setup.bash
[13.032s] -- Installing: /home/albert/udem2_ws/install/components_cpp/share/components_cpp/local_setup.sh
[13.033s] -- Installing: /home/albert/udem2_ws/install/components_cpp/share/components_cpp/local_setup.zsh
[13.033s] -- Installing: /home/albert/udem2_ws/install/components_cpp/share/components_cpp/local_setup.dsv
[13.033s] -- Installing: /home/albert/udem2_ws/install/components_cpp/share/components_cpp/package.dsv
[13.033s] -- Installing: /home/albert/udem2_ws/install/components_cpp/share/ament_index/resource_index/packages/components_cpp
[13.033s] -- Installing: /home/albert/udem2_ws/install/components_cpp/share/ament_index/resource_index/rclcpp_components/components_cpp
[13.034s] -- Installing: /home/albert/udem2_ws/install/components_cpp/share/components_cpp/cmake/components_cppConfig.cmake
[13.034s] -- Installing: /home/albert/udem2_ws/install/components_cpp/share/components_cpp/cmake/components_cppConfig-version.cmake
[13.034s] -- Installing: /home/albert/udem2_ws/install/components_cpp/share/components_cpp/package.xml
[13.036s] Invoked command in '/home/albert/udem2_ws/build/components_cpp' returned '0': CMAKE_PREFIX_PATH=${CMAKE_PREFIX_PATH}:/home/albert/bcdc_ws/install/agbot_teleop:/home/albert/bcdc_ws/install/agbot_py:/home/albert/ws_moveit2/install/moveit_configs_utils:/home/albert/ws_moveit2/install/launch_param_builder:/home/albert/umov_ws/install/arduino_py_examples:/home/albert/udem2_ws/install/actions_py:/home/albert/udem2_ws/install/lifecycle_py:/home/albert/udem2_ws/install/executors_py:/home/albert/udem2_ws/install/components_py:/home/albert/udem_ws/install/turtlesim_catcher:/home/albert/udem_ws/install/my_py_pkg:/home/albert/udem_ws/install/lifecycle_py:/home/albert/arduinobot_ws/install/arduinobot_py_examples:/opt/ros/humble /home/albert/.local/bin/cmake --install /home/albert/udem2_ws/build/components_cpp
