-- The C compiler identification is GNU 11.4.0
-- The CXX compiler identification is GNU 11.4.0
-- Detecting C compiler ABI info
-- Detecting C compiler ABI info - done
-- Check for working C compiler: /usr/bin/cc - skipped
-- Detecting C compile features
-- Detecting C compile features - done
-- Detecting CXX compiler ABI info
-- Detecting CXX compiler ABI info - done
-- Check for working CXX compiler: /usr/bin/c++ - skipped
-- Detecting CXX compile features
-- Detecting CXX compile features - done
-- Found ament_cmake: 1.3.9 (/opt/ros/humble/share/ament_cmake/cmake)
-- Found Python3: /usr/bin/python3 (found version "3.10.12") found components: Interpreter
-- Found rosidl_default_generators: 1.2.0 (/opt/ros/humble/share/rosidl_default_generators/cmake)
-- Using all available rosidl_typesupport_c: rosidl_typesupport_fastrtps_c;rosidl_typesupport_introspection_c
-- Found rosidl_adapter: 3.1.5 (/opt/ros/humble/share/rosidl_adapter/cmake)
-- Using all available rosidl_typesupport_cpp: rosidl_typesupport_fastrtps_cpp;rosidl_typesupport_introspection_cpp
-- Found ament_cmake_ros: 0.10.0 (/opt/ros/humble/share/ament_cmake_ros/cmake)
-- Using all available rosidl_typesupport_c: rosidl_typesupport_fastrtps_c;rosidl_typesupport_introspection_c
-- Using all available rosidl_typesupport_cpp: rosidl_typesupport_fastrtps_cpp;rosidl_typesupport_introspection_cpp
-- Found PythonInterp: /usr/bin/python3 (found suitable version "3.10.12", minimum required is "3.6")
-- Found python_cmake_module: 0.10.0 (/opt/ros/humble/share/python_cmake_module/cmake)
-- Found PythonLibs: /usr/lib/x86_64-linux-gnu/libpython3.10.so (found suitable version "3.10.12", minimum required is "3.5")
-- Using PYTHON_EXECUTABLE: /usr/bin/python3
-- Using PYTHON_INCLUDE_DIRS: /usr/include/python3.10
-- Using PYTHON_LIBRARIES: /usr/lib/x86_64-linux-gnu/libpython3.10.so
-- Found PythonExtra: .so
-- Configuring done (4.1s)
-- Generating done (0.0s)
-- Build files have been written to: /home/albert/udem2_ws/build/robot_interfaces
[  2%] [34m[1mGenerating C code for ROS interfaces[0m
[  4%] [34m[1mGenerating C++ code for ROS interfaces[0m
[  4%] Built target ament_cmake_python_copy_robot_interfaces
running egg_info
creating robot_interfaces.egg-info
writing robot_interfaces.egg-info/PKG-INFO
writing dependency_links to robot_interfaces.egg-info/dependency_links.txt
writing top-level names to robot_interfaces.egg-info/top_level.txt
writing manifest file 'robot_interfaces.egg-info/SOURCES.txt'
reading manifest file 'robot_interfaces.egg-info/SOURCES.txt'
writing manifest file 'robot_interfaces.egg-info/SOURCES.txt'
[  4%] Built target ament_cmake_python_build_robot_interfaces_egg
[  4%] Built target robot_interfaces__cpp
[  6%] [34m[1mGenerating C++ type support dispatch for ROS interfaces[0m
[  8%] [34m[1mGenerating C++ introspection for ROS interfaces[0m
[ 10%] [34m[1mGenerating C++ type support for eProsima Fast-RTPS[0m
[ 12%] [32mBuilding C object CMakeFiles/robot_interfaces__rosidl_generator_c.dir/rosidl_generator_c/robot_interfaces/action/detail/count_until__functions.c.o[0m
[ 14%] [32mBuilding C object CMakeFiles/robot_interfaces__rosidl_generator_c.dir/rosidl_generator_c/robot_interfaces/action/detail/move_robot__functions.c.o[0m
[ 17%] [32mBuilding C object CMakeFiles/robot_interfaces__rosidl_generator_c.dir/rosidl_generator_c/robot_interfaces/action/detail/move_turtle__functions.c.o[0m
[ 19%] [32m[1mLinking C shared library librobot_interfaces__rosidl_generator_c.so[0m
[ 19%] Built target robot_interfaces__rosidl_generator_c
[ 21%] [34m[1mGenerating C type support for eProsima Fast-RTPS[0m
[ 23%] [34m[1mGenerating C introspection for ROS interfaces[0m
[ 25%] [34m[1mGenerating C type support dispatch for ROS interfaces[0m
[ 27%] [32mBuilding CXX object CMakeFiles/robot_interfaces__rosidl_typesupport_introspection_cpp.dir/rosidl_typesupport_introspection_cpp/robot_interfaces/action/detail/count_until__type_support.cpp.o[0m
[ 29%] [32mBuilding CXX object CMakeFiles/robot_interfaces__rosidl_typesupport_introspection_cpp.dir/rosidl_typesupport_introspection_cpp/robot_interfaces/action/detail/move_robot__type_support.cpp.o[0m
[ 31%] [32mBuilding CXX object CMakeFiles/robot_interfaces__rosidl_typesupport_introspection_cpp.dir/rosidl_typesupport_introspection_cpp/robot_interfaces/action/detail/move_turtle__type_support.cpp.o[0m
[ 34%] [32mBuilding CXX object CMakeFiles/robot_interfaces__rosidl_typesupport_cpp.dir/rosidl_typesupport_cpp/robot_interfaces/action/count_until__type_support.cpp.o[0m
[ 36%] [32mBuilding CXX object CMakeFiles/robot_interfaces__rosidl_typesupport_c.dir/rosidl_typesupport_c/robot_interfaces/action/count_until__type_support.cpp.o[0m
[ 38%] [32mBuilding CXX object CMakeFiles/robot_interfaces__rosidl_typesupport_c.dir/rosidl_typesupport_c/robot_interfaces/action/move_robot__type_support.cpp.o[0m
[ 40%] [32mBuilding CXX object CMakeFiles/robot_interfaces__rosidl_typesupport_c.dir/rosidl_typesupport_c/robot_interfaces/action/move_turtle__type_support.cpp.o[0m
[ 42%] [32mBuilding CXX object CMakeFiles/robot_interfaces__rosidl_typesupport_cpp.dir/rosidl_typesupport_cpp/robot_interfaces/action/move_robot__type_support.cpp.o[0m
[ 44%] [32m[1mLinking CXX shared library librobot_interfaces__rosidl_typesupport_c.so[0m
[ 44%] Built target robot_interfaces__rosidl_typesupport_c
[ 46%] [32mBuilding CXX object CMakeFiles/robot_interfaces__rosidl_typesupport_cpp.dir/rosidl_typesupport_cpp/robot_interfaces/action/move_turtle__type_support.cpp.o[0m
[ 48%] [32mBuilding CXX object CMakeFiles/robot_interfaces__rosidl_typesupport_fastrtps_cpp.dir/rosidl_typesupport_fastrtps_cpp/robot_interfaces/action/detail/dds_fastrtps/count_until__type_support.cpp.o[0m
[ 51%] [32mBuilding CXX object CMakeFiles/robot_interfaces__rosidl_typesupport_fastrtps_cpp.dir/rosidl_typesupport_fastrtps_cpp/robot_interfaces/action/detail/dds_fastrtps/move_robot__type_support.cpp.o[0m
[ 53%] [32mBuilding CXX object CMakeFiles/robot_interfaces__rosidl_typesupport_fastrtps_cpp.dir/rosidl_typesupport_fastrtps_cpp/robot_interfaces/action/detail/dds_fastrtps/move_turtle__type_support.cpp.o[0m
[ 55%] [32mBuilding C object CMakeFiles/robot_interfaces__rosidl_typesupport_introspection_c.dir/rosidl_typesupport_introspection_c/robot_interfaces/action/detail/count_until__type_support.c.o[0m
[ 57%] [32mBuilding C object CMakeFiles/robot_interfaces__rosidl_typesupport_introspection_c.dir/rosidl_typesupport_introspection_c/robot_interfaces/action/detail/move_robot__type_support.c.o[0m
[ 59%] [32mBuilding CXX object CMakeFiles/robot_interfaces__rosidl_typesupport_fastrtps_c.dir/rosidl_typesupport_fastrtps_c/robot_interfaces/action/detail/count_until__type_support_c.cpp.o[0m
[ 61%] [32m[1mLinking CXX shared library librobot_interfaces__rosidl_typesupport_introspection_cpp.so[0m
[ 63%] [32mBuilding CXX object CMakeFiles/robot_interfaces__rosidl_typesupport_fastrtps_c.dir/rosidl_typesupport_fastrtps_c/robot_interfaces/action/detail/move_robot__type_support_c.cpp.o[0m
[ 65%] [32mBuilding C object CMakeFiles/robot_interfaces__rosidl_typesupport_introspection_c.dir/rosidl_typesupport_introspection_c/robot_interfaces/action/detail/move_turtle__type_support.c.o[0m
[ 65%] Built target robot_interfaces__rosidl_typesupport_introspection_cpp
[ 68%] [32m[1mLinking C shared library librobot_interfaces__rosidl_typesupport_introspection_c.so[0m
[ 70%] [32mBuilding CXX object CMakeFiles/robot_interfaces__rosidl_typesupport_fastrtps_c.dir/rosidl_typesupport_fastrtps_c/robot_interfaces/action/detail/move_turtle__type_support_c.cpp.o[0m
[ 70%] Built target robot_interfaces__rosidl_typesupport_introspection_c
[ 72%] [32m[1mLinking CXX shared library librobot_interfaces__rosidl_typesupport_cpp.so[0m
[ 72%] Built target robot_interfaces__rosidl_typesupport_cpp
[ 74%] [32m[1mLinking CXX shared library librobot_interfaces__rosidl_typesupport_fastrtps_c.so[0m
[ 76%] [32m[1mLinking CXX shared library librobot_interfaces__rosidl_typesupport_fastrtps_cpp.so[0m
[ 76%] Built target robot_interfaces__rosidl_typesupport_fastrtps_c
[ 76%] Built target robot_interfaces__rosidl_typesupport_fastrtps_cpp
[ 76%] Built target robot_interfaces
[ 78%] [34m[1mGenerating Python code for ROS interfaces[0m
[ 78%] Built target robot_interfaces__py
[ 82%] [32mBuilding C object CMakeFiles/robot_interfaces__rosidl_generator_py.dir/rosidl_generator_py/robot_interfaces/action/_move_robot_s.c.o[0m
[ 82%] [32mBuilding C object CMakeFiles/robot_interfaces__rosidl_generator_py.dir/rosidl_generator_py/robot_interfaces/action/_count_until_s.c.o[0m
[ 85%] [32mBuilding C object CMakeFiles/robot_interfaces__rosidl_generator_py.dir/rosidl_generator_py/robot_interfaces/action/_move_turtle_s.c.o[0m
[ 87%] [32m[1mLinking C shared library rosidl_generator_py/robot_interfaces/librobot_interfaces__rosidl_generator_py.so[0m
[ 87%] Built target robot_interfaces__rosidl_generator_py
[ 89%] [32mBuilding C object CMakeFiles/robot_interfaces__rosidl_typesupport_fastrtps_c__pyext.dir/rosidl_generator_py/robot_interfaces/_robot_interfaces_s.ep.rosidl_typesupport_fastrtps_c.c.o[0m
[ 91%] [32mBuilding C object CMakeFiles/robot_interfaces__rosidl_typesupport_c__pyext.dir/rosidl_generator_py/robot_interfaces/_robot_interfaces_s.ep.rosidl_typesupport_c.c.o[0m
[ 93%] [32mBuilding C object CMakeFiles/robot_interfaces__rosidl_typesupport_introspection_c__pyext.dir/rosidl_generator_py/robot_interfaces/_robot_interfaces_s.ep.rosidl_typesupport_introspection_c.c.o[0m
[ 97%] [32m[1mLinking C shared library rosidl_generator_py/robot_interfaces/robot_interfaces_s__rosidl_typesupport_fastrtps_c.cpython-310-x86_64-linux-gnu.so[0m
[ 97%] [32m[1mLinking C shared library rosidl_generator_py/robot_interfaces/robot_interfaces_s__rosidl_typesupport_c.cpython-310-x86_64-linux-gnu.so[0m
[100%] [32m[1mLinking C shared library rosidl_generator_py/robot_interfaces/robot_interfaces_s__rosidl_typesupport_introspection_c.cpython-310-x86_64-linux-gnu.so[0m
[100%] Built target robot_interfaces__rosidl_typesupport_c__pyext
[100%] Built target robot_interfaces__rosidl_typesupport_fastrtps_c__pyext
[100%] Built target robot_interfaces__rosidl_typesupport_introspection_c__pyext
-- Install configuration: ""
-- Installing: /home/albert/udem2_ws/install/robot_interfaces/share/ament_index/resource_index/rosidl_interfaces/robot_interfaces
-- Installing: /home/albert/udem2_ws/install/robot_interfaces/include/robot_interfaces/robot_interfaces
-- Installing: /home/albert/udem2_ws/install/robot_interfaces/include/robot_interfaces/robot_interfaces/msg
-- Installing: /home/albert/udem2_ws/install/robot_interfaces/include/robot_interfaces/robot_interfaces/msg/rosidl_generator_c__visibility_control.h
-- Installing: /home/albert/udem2_ws/install/robot_interfaces/include/robot_interfaces/robot_interfaces/action
-- Installing: /home/albert/udem2_ws/install/robot_interfaces/include/robot_interfaces/robot_interfaces/action/detail
-- Installing: /home/albert/udem2_ws/install/robot_interfaces/include/robot_interfaces/robot_interfaces/action/detail/move_robot__struct.h
-- Installing: /home/albert/udem2_ws/install/robot_interfaces/include/robot_interfaces/robot_interfaces/action/detail/move_turtle__type_support.h
-- Installing: /home/albert/udem2_ws/install/robot_interfaces/include/robot_interfaces/robot_interfaces/action/detail/move_turtle__functions.c
-- Installing: /home/albert/udem2_ws/install/robot_interfaces/include/robot_interfaces/robot_interfaces/action/detail/count_until__functions.h
-- Installing: /home/albert/udem2_ws/install/robot_interfaces/include/robot_interfaces/robot_interfaces/action/detail/count_until__functions.c
-- Installing: /home/albert/udem2_ws/install/robot_interfaces/include/robot_interfaces/robot_interfaces/action/detail/count_until__struct.h
-- Installing: /home/albert/udem2_ws/install/robot_interfaces/include/robot_interfaces/robot_interfaces/action/detail/move_robot__functions.h
-- Installing: /home/albert/udem2_ws/install/robot_interfaces/include/robot_interfaces/robot_interfaces/action/detail/move_robot__type_support.h
-- Installing: /home/albert/udem2_ws/install/robot_interfaces/include/robot_interfaces/robot_interfaces/action/detail/move_turtle__struct.h
-- Installing: /home/albert/udem2_ws/install/robot_interfaces/include/robot_interfaces/robot_interfaces/action/detail/move_turtle__functions.h
-- Installing: /home/albert/udem2_ws/install/robot_interfaces/include/robot_interfaces/robot_interfaces/action/detail/count_until__type_support.h
-- Installing: /home/albert/udem2_ws/install/robot_interfaces/include/robot_interfaces/robot_interfaces/action/detail/move_robot__functions.c
-- Installing: /home/albert/udem2_ws/install/robot_interfaces/include/robot_interfaces/robot_interfaces/action/move_robot.h
-- Installing: /home/albert/udem2_ws/install/robot_interfaces/include/robot_interfaces/robot_interfaces/action/count_until.h
-- Installing: /home/albert/udem2_ws/install/robot_interfaces/include/robot_interfaces/robot_interfaces/action/move_turtle.h
-- Installing: /home/albert/udem2_ws/install/robot_interfaces/share/robot_interfaces/environment/library_path.sh
-- Installing: /home/albert/udem2_ws/install/robot_interfaces/share/robot_interfaces/environment/library_path.dsv
-- Installing: /home/albert/udem2_ws/install/robot_interfaces/lib/librobot_interfaces__rosidl_generator_c.so
-- Set non-toolchain portion of runtime path of "/home/albert/udem2_ws/install/robot_interfaces/lib/librobot_interfaces__rosidl_generator_c.so" to ""
-- Up-to-date: /home/albert/udem2_ws/install/robot_interfaces/include/robot_interfaces/robot_interfaces
-- Up-to-date: /home/albert/udem2_ws/install/robot_interfaces/include/robot_interfaces/robot_interfaces/msg
-- Installing: /home/albert/udem2_ws/install/robot_interfaces/include/robot_interfaces/robot_interfaces/msg/rosidl_typesupport_fastrtps_c__visibility_control.h
-- Up-to-date: /home/albert/udem2_ws/install/robot_interfaces/include/robot_interfaces/robot_interfaces/action
-- Up-to-date: /home/albert/udem2_ws/install/robot_interfaces/include/robot_interfaces/robot_interfaces/action/detail
-- Installing: /home/albert/udem2_ws/install/robot_interfaces/include/robot_interfaces/robot_interfaces/action/detail/move_robot__rosidl_typesupport_fastrtps_c.h
-- Installing: /home/albert/udem2_ws/install/robot_interfaces/include/robot_interfaces/robot_interfaces/action/detail/move_turtle__rosidl_typesupport_fastrtps_c.h
-- Installing: /home/albert/udem2_ws/install/robot_interfaces/include/robot_interfaces/robot_interfaces/action/detail/count_until__rosidl_typesupport_fastrtps_c.h
-- Installing: /home/albert/udem2_ws/install/robot_interfaces/lib/librobot_interfaces__rosidl_typesupport_fastrtps_c.so
-- Set non-toolchain portion of runtime path of "/home/albert/udem2_ws/install/robot_interfaces/lib/librobot_interfaces__rosidl_typesupport_fastrtps_c.so" to ""
-- Up-to-date: /home/albert/udem2_ws/install/robot_interfaces/include/robot_interfaces/robot_interfaces
-- Up-to-date: /home/albert/udem2_ws/install/robot_interfaces/include/robot_interfaces/robot_interfaces/msg
-- Installing: /home/albert/udem2_ws/install/robot_interfaces/include/robot_interfaces/robot_interfaces/msg/rosidl_typesupport_introspection_c__visibility_control.h
-- Up-to-date: /home/albert/udem2_ws/install/robot_interfaces/include/robot_interfaces/robot_interfaces/action
-- Up-to-date: /home/albert/udem2_ws/install/robot_interfaces/include/robot_interfaces/robot_interfaces/action/detail
-- Installing: /home/albert/udem2_ws/install/robot_interfaces/include/robot_interfaces/robot_interfaces/action/detail/count_until__type_support.c
-- Installing: /home/albert/udem2_ws/install/robot_interfaces/include/robot_interfaces/robot_interfaces/action/detail/move_turtle__rosidl_typesupport_introspection_c.h
-- Installing: /home/albert/udem2_ws/install/robot_interfaces/include/robot_interfaces/robot_interfaces/action/detail/move_turtle__type_support.c
-- Installing: /home/albert/udem2_ws/install/robot_interfaces/include/robot_interfaces/robot_interfaces/action/detail/move_robot__rosidl_typesupport_introspection_c.h
-- Installing: /home/albert/udem2_ws/install/robot_interfaces/include/robot_interfaces/robot_interfaces/action/detail/count_until__rosidl_typesupport_introspection_c.h
-- Installing: /home/albert/udem2_ws/install/robot_interfaces/include/robot_interfaces/robot_interfaces/action/detail/move_robot__type_support.c
-- Installing: /home/albert/udem2_ws/install/robot_interfaces/lib/librobot_interfaces__rosidl_typesupport_introspection_c.so
-- Set non-toolchain portion of runtime path of "/home/albert/udem2_ws/install/robot_interfaces/lib/librobot_interfaces__rosidl_typesupport_introspection_c.so" to ""
-- Installing: /home/albert/udem2_ws/install/robot_interfaces/lib/librobot_interfaces__rosidl_typesupport_c.so
-- Set non-toolchain portion of runtime path of "/home/albert/udem2_ws/install/robot_interfaces/lib/librobot_interfaces__rosidl_typesupport_c.so" to ""
-- Up-to-date: /home/albert/udem2_ws/install/robot_interfaces/include/robot_interfaces/robot_interfaces
-- Up-to-date: /home/albert/udem2_ws/install/robot_interfaces/include/robot_interfaces/robot_interfaces/action
-- Installing: /home/albert/udem2_ws/install/robot_interfaces/include/robot_interfaces/robot_interfaces/action/move_turtle.hpp
-- Up-to-date: /home/albert/udem2_ws/install/robot_interfaces/include/robot_interfaces/robot_interfaces/action/detail
-- Installing: /home/albert/udem2_ws/install/robot_interfaces/include/robot_interfaces/robot_interfaces/action/detail/move_turtle__builder.hpp
-- Installing: /home/albert/udem2_ws/install/robot_interfaces/include/robot_interfaces/robot_interfaces/action/detail/move_robot__traits.hpp
-- Installing: /home/albert/udem2_ws/install/robot_interfaces/include/robot_interfaces/robot_interfaces/action/detail/move_robot__builder.hpp
-- Installing: /home/albert/udem2_ws/install/robot_interfaces/include/robot_interfaces/robot_interfaces/action/detail/count_until__builder.hpp
-- Installing: /home/albert/udem2_ws/install/robot_interfaces/include/robot_interfaces/robot_interfaces/action/detail/count_until__struct.hpp
-- Installing: /home/albert/udem2_ws/install/robot_interfaces/include/robot_interfaces/robot_interfaces/action/detail/count_until__traits.hpp
-- Installing: /home/albert/udem2_ws/install/robot_interfaces/include/robot_interfaces/robot_interfaces/action/detail/move_turtle__traits.hpp
-- Installing: /home/albert/udem2_ws/install/robot_interfaces/include/robot_interfaces/robot_interfaces/action/detail/move_robot__struct.hpp
-- Installing: /home/albert/udem2_ws/install/robot_interfaces/include/robot_interfaces/robot_interfaces/action/detail/move_turtle__struct.hpp
-- Installing: /home/albert/udem2_ws/install/robot_interfaces/include/robot_interfaces/robot_interfaces/action/count_until.hpp
-- Installing: /home/albert/udem2_ws/install/robot_interfaces/include/robot_interfaces/robot_interfaces/action/move_robot.hpp
-- Up-to-date: /home/albert/udem2_ws/install/robot_interfaces/include/robot_interfaces/robot_interfaces
-- Up-to-date: /home/albert/udem2_ws/install/robot_interfaces/include/robot_interfaces/robot_interfaces/msg
-- Installing: /home/albert/udem2_ws/install/robot_interfaces/include/robot_interfaces/robot_interfaces/msg/rosidl_typesupport_fastrtps_cpp__visibility_control.h
-- Up-to-date: /home/albert/udem2_ws/install/robot_interfaces/include/robot_interfaces/robot_interfaces/action
-- Up-to-date: /home/albert/udem2_ws/install/robot_interfaces/include/robot_interfaces/robot_interfaces/action/detail
-- Installing: /home/albert/udem2_ws/install/robot_interfaces/include/robot_interfaces/robot_interfaces/action/detail/move_turtle__rosidl_typesupport_fastrtps_cpp.hpp
-- Installing: /home/albert/udem2_ws/install/robot_interfaces/include/robot_interfaces/robot_interfaces/action/detail/count_until__rosidl_typesupport_fastrtps_cpp.hpp
-- Installing: /home/albert/udem2_ws/install/robot_interfaces/include/robot_interfaces/robot_interfaces/action/detail/move_robot__rosidl_typesupport_fastrtps_cpp.hpp
-- Installing: /home/albert/udem2_ws/install/robot_interfaces/include/robot_interfaces/robot_interfaces/action/detail/dds_fastrtps
-- Installing: /home/albert/udem2_ws/install/robot_interfaces/lib/librobot_interfaces__rosidl_typesupport_fastrtps_cpp.so
-- Set non-toolchain portion of runtime path of "/home/albert/udem2_ws/install/robot_interfaces/lib/librobot_interfaces__rosidl_typesupport_fastrtps_cpp.so" to ""
-- Up-to-date: /home/albert/udem2_ws/install/robot_interfaces/include/robot_interfaces/robot_interfaces
-- Up-to-date: /home/albert/udem2_ws/install/robot_interfaces/include/robot_interfaces/robot_interfaces/action
-- Up-to-date: /home/albert/udem2_ws/install/robot_interfaces/include/robot_interfaces/robot_interfaces/action/detail
-- Installing: /home/albert/udem2_ws/install/robot_interfaces/include/robot_interfaces/robot_interfaces/action/detail/count_until__rosidl_typesupport_introspection_cpp.hpp
-- Installing: /home/albert/udem2_ws/install/robot_interfaces/include/robot_interfaces/robot_interfaces/action/detail/move_turtle__type_support.cpp
-- Installing: /home/albert/udem2_ws/install/robot_interfaces/include/robot_interfaces/robot_interfaces/action/detail/move_robot__type_support.cpp
-- Installing: /home/albert/udem2_ws/install/robot_interfaces/include/robot_interfaces/robot_interfaces/action/detail/move_robot__rosidl_typesupport_introspection_cpp.hpp
-- Installing: /home/albert/udem2_ws/install/robot_interfaces/include/robot_interfaces/robot_interfaces/action/detail/count_until__type_support.cpp
-- Installing: /home/albert/udem2_ws/install/robot_interfaces/include/robot_interfaces/robot_interfaces/action/detail/move_turtle__rosidl_typesupport_introspection_cpp.hpp
-- Installing: /home/albert/udem2_ws/install/robot_interfaces/lib/librobot_interfaces__rosidl_typesupport_introspection_cpp.so
-- Set non-toolchain portion of runtime path of "/home/albert/udem2_ws/install/robot_interfaces/lib/librobot_interfaces__rosidl_typesupport_introspection_cpp.so" to ""
-- Installing: /home/albert/udem2_ws/install/robot_interfaces/lib/librobot_interfaces__rosidl_typesupport_cpp.so
-- Set non-toolchain portion of runtime path of "/home/albert/udem2_ws/install/robot_interfaces/lib/librobot_interfaces__rosidl_typesupport_cpp.so" to ""
-- Installing: /home/albert/udem2_ws/install/robot_interfaces/share/robot_interfaces/environment/pythonpath.sh
-- Installing: /home/albert/udem2_ws/install/robot_interfaces/share/robot_interfaces/environment/pythonpath.dsv
-- Installing: /home/albert/udem2_ws/install/robot_interfaces/local/lib/python3.10/dist-packages/robot_interfaces-0.0.0-py3.10.egg-info
-- Installing: /home/albert/udem2_ws/install/robot_interfaces/local/lib/python3.10/dist-packages/robot_interfaces-0.0.0-py3.10.egg-info/SOURCES.txt
-- Installing: /home/albert/udem2_ws/install/robot_interfaces/local/lib/python3.10/dist-packages/robot_interfaces-0.0.0-py3.10.egg-info/top_level.txt
-- Installing: /home/albert/udem2_ws/install/robot_interfaces/local/lib/python3.10/dist-packages/robot_interfaces-0.0.0-py3.10.egg-info/PKG-INFO
-- Installing: /home/albert/udem2_ws/install/robot_interfaces/local/lib/python3.10/dist-packages/robot_interfaces-0.0.0-py3.10.egg-info/dependency_links.txt
-- Installing: /home/albert/udem2_ws/install/robot_interfaces/local/lib/python3.10/dist-packages/robot_interfaces
-- Installing: /home/albert/udem2_ws/install/robot_interfaces/local/lib/python3.10/dist-packages/robot_interfaces/_robot_interfaces_s.ep.rosidl_typesupport_fastrtps_c.c
-- Installing: /home/albert/udem2_ws/install/robot_interfaces/local/lib/python3.10/dist-packages/robot_interfaces/__init__.py
-- Installing: /home/albert/udem2_ws/install/robot_interfaces/local/lib/python3.10/dist-packages/robot_interfaces/robot_interfaces_s__rosidl_typesupport_introspection_c.cpython-310-x86_64-linux-gnu.so
-- Installing: /home/albert/udem2_ws/install/robot_interfaces/local/lib/python3.10/dist-packages/robot_interfaces/action
-- Installing: /home/albert/udem2_ws/install/robot_interfaces/local/lib/python3.10/dist-packages/robot_interfaces/action/_move_robot.py
-- Installing: /home/albert/udem2_ws/install/robot_interfaces/local/lib/python3.10/dist-packages/robot_interfaces/action/_move_turtle_s.c
-- Installing: /home/albert/udem2_ws/install/robot_interfaces/local/lib/python3.10/dist-packages/robot_interfaces/action/__init__.py
-- Installing: /home/albert/udem2_ws/install/robot_interfaces/local/lib/python3.10/dist-packages/robot_interfaces/action/_count_until.py
-- Installing: /home/albert/udem2_ws/install/robot_interfaces/local/lib/python3.10/dist-packages/robot_interfaces/action/_count_until_s.c
-- Installing: /home/albert/udem2_ws/install/robot_interfaces/local/lib/python3.10/dist-packages/robot_interfaces/action/_move_robot_s.c
-- Installing: /home/albert/udem2_ws/install/robot_interfaces/local/lib/python3.10/dist-packages/robot_interfaces/action/_move_turtle.py
-- Installing: /home/albert/udem2_ws/install/robot_interfaces/local/lib/python3.10/dist-packages/robot_interfaces/librobot_interfaces__rosidl_generator_py.so
-- Installing: /home/albert/udem2_ws/install/robot_interfaces/local/lib/python3.10/dist-packages/robot_interfaces/robot_interfaces_s__rosidl_typesupport_c.cpython-310-x86_64-linux-gnu.so
-- Installing: /home/albert/udem2_ws/install/robot_interfaces/local/lib/python3.10/dist-packages/robot_interfaces/_robot_interfaces_s.ep.rosidl_typesupport_introspection_c.c
-- Installing: /home/albert/udem2_ws/install/robot_interfaces/local/lib/python3.10/dist-packages/robot_interfaces/robot_interfaces_s__rosidl_typesupport_fastrtps_c.cpython-310-x86_64-linux-gnu.so
-- Installing: /home/albert/udem2_ws/install/robot_interfaces/local/lib/python3.10/dist-packages/robot_interfaces/_robot_interfaces_s.ep.rosidl_typesupport_c.c
Listing '/home/albert/udem2_ws/install/robot_interfaces/local/lib/python3.10/dist-packages/robot_interfaces'...
Compiling '/home/albert/udem2_ws/install/robot_interfaces/local/lib/python3.10/dist-packages/robot_interfaces/__init__.py'...
Listing '/home/albert/udem2_ws/install/robot_interfaces/local/lib/python3.10/dist-packages/robot_interfaces/action'...
Compiling '/home/albert/udem2_ws/install/robot_interfaces/local/lib/python3.10/dist-packages/robot_interfaces/action/__init__.py'...
Compiling '/home/albert/udem2_ws/install/robot_interfaces/local/lib/python3.10/dist-packages/robot_interfaces/action/_count_until.py'...
Compiling '/home/albert/udem2_ws/install/robot_interfaces/local/lib/python3.10/dist-packages/robot_interfaces/action/_move_robot.py'...
Compiling '/home/albert/udem2_ws/install/robot_interfaces/local/lib/python3.10/dist-packages/robot_interfaces/action/_move_turtle.py'...
-- Installing: /home/albert/udem2_ws/install/robot_interfaces/local/lib/python3.10/dist-packages/robot_interfaces/robot_interfaces_s__rosidl_typesupport_fastrtps_c.cpython-310-x86_64-linux-gnu.so
-- Set non-toolchain portion of runtime path of "/home/albert/udem2_ws/install/robot_interfaces/local/lib/python3.10/dist-packages/robot_interfaces/robot_interfaces_s__rosidl_typesupport_fastrtps_c.cpython-310-x86_64-linux-gnu.so" to ""
-- Installing: /home/albert/udem2_ws/install/robot_interfaces/local/lib/python3.10/dist-packages/robot_interfaces/robot_interfaces_s__rosidl_typesupport_introspection_c.cpython-310-x86_64-linux-gnu.so
-- Set non-toolchain portion of runtime path of "/home/albert/udem2_ws/install/robot_interfaces/local/lib/python3.10/dist-packages/robot_interfaces/robot_interfaces_s__rosidl_typesupport_introspection_c.cpython-310-x86_64-linux-gnu.so" to ""
-- Installing: /home/albert/udem2_ws/install/robot_interfaces/local/lib/python3.10/dist-packages/robot_interfaces/robot_interfaces_s__rosidl_typesupport_c.cpython-310-x86_64-linux-gnu.so
-- Set non-toolchain portion of runtime path of "/home/albert/udem2_ws/install/robot_interfaces/local/lib/python3.10/dist-packages/robot_interfaces/robot_interfaces_s__rosidl_typesupport_c.cpython-310-x86_64-linux-gnu.so" to ""
-- Installing: /home/albert/udem2_ws/install/robot_interfaces/lib/librobot_interfaces__rosidl_generator_py.so
-- Set non-toolchain portion of runtime path of "/home/albert/udem2_ws/install/robot_interfaces/lib/librobot_interfaces__rosidl_generator_py.so" to ""
-- Installing: /home/albert/udem2_ws/install/robot_interfaces/share/robot_interfaces/action/CountUntil.idl
-- Installing: /home/albert/udem2_ws/install/robot_interfaces/share/robot_interfaces/action/MoveRobot.idl
-- Installing: /home/albert/udem2_ws/install/robot_interfaces/share/robot_interfaces/action/MoveTurtle.idl
-- Installing: /home/albert/udem2_ws/install/robot_interfaces/share/robot_interfaces/action/CountUntil.action
-- Installing: /home/albert/udem2_ws/install/robot_interfaces/share/robot_interfaces/action/MoveRobot.action
-- Installing: /home/albert/udem2_ws/install/robot_interfaces/share/robot_interfaces/action/MoveTurtle.action
-- Installing: /home/albert/udem2_ws/install/robot_interfaces/share/ament_index/resource_index/package_run_dependencies/robot_interfaces
-- Installing: /home/albert/udem2_ws/install/robot_interfaces/share/ament_index/resource_index/parent_prefix_path/robot_interfaces
-- Installing: /home/albert/udem2_ws/install/robot_interfaces/share/robot_interfaces/environment/ament_prefix_path.sh
-- Installing: /home/albert/udem2_ws/install/robot_interfaces/share/robot_interfaces/environment/ament_prefix_path.dsv
-- Installing: /home/albert/udem2_ws/install/robot_interfaces/share/robot_interfaces/environment/path.sh
-- Installing: /home/albert/udem2_ws/install/robot_interfaces/share/robot_interfaces/environment/path.dsv
-- Installing: /home/albert/udem2_ws/install/robot_interfaces/share/robot_interfaces/local_setup.bash
-- Installing: /home/albert/udem2_ws/install/robot_interfaces/share/robot_interfaces/local_setup.sh
-- Installing: /home/albert/udem2_ws/install/robot_interfaces/share/robot_interfaces/local_setup.zsh
-- Installing: /home/albert/udem2_ws/install/robot_interfaces/share/robot_interfaces/local_setup.dsv
-- Installing: /home/albert/udem2_ws/install/robot_interfaces/share/robot_interfaces/package.dsv
-- Installing: /home/albert/udem2_ws/install/robot_interfaces/share/ament_index/resource_index/packages/robot_interfaces
-- Installing: /home/albert/udem2_ws/install/robot_interfaces/share/robot_interfaces/cmake/export_robot_interfaces__rosidl_generator_cExport.cmake
-- Installing: /home/albert/udem2_ws/install/robot_interfaces/share/robot_interfaces/cmake/export_robot_interfaces__rosidl_generator_cExport-noconfig.cmake
-- Installing: /home/albert/udem2_ws/install/robot_interfaces/share/robot_interfaces/cmake/export_robot_interfaces__rosidl_typesupport_fastrtps_cExport.cmake
-- Installing: /home/albert/udem2_ws/install/robot_interfaces/share/robot_interfaces/cmake/export_robot_interfaces__rosidl_typesupport_fastrtps_cExport-noconfig.cmake
-- Installing: /home/albert/udem2_ws/install/robot_interfaces/share/robot_interfaces/cmake/robot_interfaces__rosidl_typesupport_introspection_cExport.cmake
-- Installing: /home/albert/udem2_ws/install/robot_interfaces/share/robot_interfaces/cmake/robot_interfaces__rosidl_typesupport_introspection_cExport-noconfig.cmake
-- Installing: /home/albert/udem2_ws/install/robot_interfaces/share/robot_interfaces/cmake/robot_interfaces__rosidl_typesupport_cExport.cmake
-- Installing: /home/albert/udem2_ws/install/robot_interfaces/share/robot_interfaces/cmake/robot_interfaces__rosidl_typesupport_cExport-noconfig.cmake
-- Installing: /home/albert/udem2_ws/install/robot_interfaces/share/robot_interfaces/cmake/export_robot_interfaces__rosidl_generator_cppExport.cmake
-- Installing: /home/albert/udem2_ws/install/robot_interfaces/share/robot_interfaces/cmake/export_robot_interfaces__rosidl_typesupport_fastrtps_cppExport.cmake
-- Installing: /home/albert/udem2_ws/install/robot_interfaces/share/robot_interfaces/cmake/export_robot_interfaces__rosidl_typesupport_fastrtps_cppExport-noconfig.cmake
-- Installing: /home/albert/udem2_ws/install/robot_interfaces/share/robot_interfaces/cmake/robot_interfaces__rosidl_typesupport_introspection_cppExport.cmake
-- Installing: /home/albert/udem2_ws/install/robot_interfaces/share/robot_interfaces/cmake/robot_interfaces__rosidl_typesupport_introspection_cppExport-noconfig.cmake
-- Installing: /home/albert/udem2_ws/install/robot_interfaces/share/robot_interfaces/cmake/robot_interfaces__rosidl_typesupport_cppExport.cmake
-- Installing: /home/albert/udem2_ws/install/robot_interfaces/share/robot_interfaces/cmake/robot_interfaces__rosidl_typesupport_cppExport-noconfig.cmake
-- Installing: /home/albert/udem2_ws/install/robot_interfaces/share/robot_interfaces/cmake/export_robot_interfaces__rosidl_generator_pyExport.cmake
-- Installing: /home/albert/udem2_ws/install/robot_interfaces/share/robot_interfaces/cmake/export_robot_interfaces__rosidl_generator_pyExport-noconfig.cmake
-- Installing: /home/albert/udem2_ws/install/robot_interfaces/share/robot_interfaces/cmake/rosidl_cmake-extras.cmake
-- Installing: /home/albert/udem2_ws/install/robot_interfaces/share/robot_interfaces/cmake/ament_cmake_export_dependencies-extras.cmake
-- Installing: /home/albert/udem2_ws/install/robot_interfaces/share/robot_interfaces/cmake/ament_cmake_export_include_directories-extras.cmake
-- Installing: /home/albert/udem2_ws/install/robot_interfaces/share/robot_interfaces/cmake/ament_cmake_export_libraries-extras.cmake
-- Installing: /home/albert/udem2_ws/install/robot_interfaces/share/robot_interfaces/cmake/ament_cmake_export_targets-extras.cmake
-- Installing: /home/albert/udem2_ws/install/robot_interfaces/share/robot_interfaces/cmake/rosidl_cmake_export_typesupport_targets-extras.cmake
-- Installing: /home/albert/udem2_ws/install/robot_interfaces/share/robot_interfaces/cmake/rosidl_cmake_export_typesupport_libraries-extras.cmake
-- Installing: /home/albert/udem2_ws/install/robot_interfaces/share/robot_interfaces/cmake/robot_interfacesConfig.cmake
-- Installing: /home/albert/udem2_ws/install/robot_interfaces/share/robot_interfaces/cmake/robot_interfacesConfig-version.cmake
-- Installing: /home/albert/udem2_ws/install/robot_interfaces/share/robot_interfaces/package.xml
