[1.941s] Invoking command in '/home/albert/udem2_ws/src/components_py': PYTHONPATH=/home/albert/udem2_ws/build/components_py/prefix_override:/usr/lib/python3/dist-packages/colcon_core/task/python/colcon_distutils_commands:/home/albert/udem2_ws/install/components_py/lib/python3.10/site-packages:${PYTHONPATH} /usr/bin/python3 -W ignore:setup.py install is deprecated setup.py egg_info --egg-base ../../build/components_py build --build-base /home/albert/udem2_ws/build/components_py/build install --record /home/albert/udem2_ws/build/components_py/install.log --single-version-externally-managed install_data
[2.528s] running egg_info
[2.529s] creating ../../build/components_py/components_py.egg-info
[2.530s] writing ../../build/components_py/components_py.egg-info/PKG-INFO
[2.530s] writing dependency_links to ../../build/components_py/components_py.egg-info/dependency_links.txt
[2.530s] writing entry points to ../../build/components_py/components_py.egg-info/entry_points.txt
[2.530s] writing requirements to ../../build/components_py/components_py.egg-info/requires.txt
[2.530s] writing top-level names to ../../build/components_py/components_py.egg-info/top_level.txt
[2.530s] writing manifest file '../../build/components_py/components_py.egg-info/SOURCES.txt'
[2.533s] reading manifest file '../../build/components_py/components_py.egg-info/SOURCES.txt'
[2.534s] writing manifest file '../../build/components_py/components_py.egg-info/SOURCES.txt'
[2.535s] running build
[2.535s] running build_py
[2.535s] creating /home/albert/udem2_ws/build/components_py/build
[2.535s] creating /home/albert/udem2_ws/build/components_py/build/lib
[2.535s] creating /home/albert/udem2_ws/build/components_py/build/lib/components_py
[2.536s] copying components_py/node2.py -> /home/albert/udem2_ws/build/components_py/build/lib/components_py
[2.536s] copying components_py/__init__.py -> /home/albert/udem2_ws/build/components_py/build/lib/components_py
[2.536s] copying components_py/manual_composition.py -> /home/albert/udem2_ws/build/components_py/build/lib/components_py
[2.537s] copying components_py/node1.py -> /home/albert/udem2_ws/build/components_py/build/lib/components_py
[2.537s] running install
[2.538s] running install_lib
[2.538s] creating /home/albert/udem2_ws/install/components_py/lib/python3.10/site-packages/components_py
[2.538s] copying /home/albert/udem2_ws/build/components_py/build/lib/components_py/node2.py -> /home/albert/udem2_ws/install/components_py/lib/python3.10/site-packages/components_py
[2.538s] copying /home/albert/udem2_ws/build/components_py/build/lib/components_py/__init__.py -> /home/albert/udem2_ws/install/components_py/lib/python3.10/site-packages/components_py
[2.539s] copying /home/albert/udem2_ws/build/components_py/build/lib/components_py/manual_composition.py -> /home/albert/udem2_ws/install/components_py/lib/python3.10/site-packages/components_py
[2.539s] copying /home/albert/udem2_ws/build/components_py/build/lib/components_py/node1.py -> /home/albert/udem2_ws/install/components_py/lib/python3.10/site-packages/components_py
[2.540s] byte-compiling /home/albert/udem2_ws/install/components_py/lib/python3.10/site-packages/components_py/node2.py to node2.cpython-310.pyc
[2.540s] byte-compiling /home/albert/udem2_ws/install/components_py/lib/python3.10/site-packages/components_py/__init__.py to __init__.cpython-310.pyc
[2.540s] byte-compiling /home/albert/udem2_ws/install/components_py/lib/python3.10/site-packages/components_py/manual_composition.py to manual_composition.cpython-310.pyc
[2.541s] byte-compiling /home/albert/udem2_ws/install/components_py/lib/python3.10/site-packages/components_py/node1.py to node1.cpython-310.pyc
[2.542s] running install_data
[2.542s] creating /home/albert/udem2_ws/install/components_py/share/ament_index
[2.542s] creating /home/albert/udem2_ws/install/components_py/share/ament_index/resource_index
[2.542s] creating /home/albert/udem2_ws/install/components_py/share/ament_index/resource_index/packages
[2.542s] copying resource/components_py -> /home/albert/udem2_ws/install/components_py/share/ament_index/resource_index/packages
[2.543s] copying package.xml -> /home/albert/udem2_ws/install/components_py/share/components_py
[2.543s] running install_egg_info
[2.545s] Copying ../../build/components_py/components_py.egg-info to /home/albert/udem2_ws/install/components_py/lib/python3.10/site-packages/components_py-0.0.0-py3.10.egg-info
[2.546s] running install_scripts
[2.581s] Installing manual_composition script to /home/albert/udem2_ws/install/components_py/lib/components_py
[2.581s] writing list of installed files to '/home/albert/udem2_ws/build/components_py/install.log'
[2.622s] Invoked command in '/home/albert/udem2_ws/src/components_py' returned '0': PYTHONPATH=/home/albert/udem2_ws/build/components_py/prefix_override:/usr/lib/python3/dist-packages/colcon_core/task/python/colcon_distutils_commands:/home/albert/udem2_ws/install/components_py/lib/python3.10/site-packages:${PYTHONPATH} /usr/bin/python3 -W ignore:setup.py install is deprecated setup.py egg_info --egg-base ../../build/components_py build --build-base /home/albert/udem2_ws/build/components_py/build install --record /home/albert/udem2_ws/build/components_py/install.log --single-version-externally-managed install_data
