-- The C compiler identification is GNU 11.4.0
-- The CXX compiler identification is GNU 11.4.0
-- Detecting C compiler ABI info
-- Detecting C compiler ABI info - done
-- Check for working C compiler: /usr/bin/cc - skipped
-- Detecting C compile features
-- Detecting C compile features - done
-- Detecting CXX compiler ABI info
-- Detecting CXX compiler ABI info - done
-- Check for working CXX compiler: /usr/bin/c++ - skipped
-- Detecting CXX compile features
-- Detecting CXX compile features - done
-- Found ament_cmake: 1.3.9 (/opt/ros/humble/share/ament_cmake/cmake)
-- Found Python3: /usr/bin/python3 (found version "3.10.12") found components: Interpreter
-- Found rclcpp: 16.0.9 (/opt/ros/humble/share/rclcpp/cmake)
-- Found rosidl_generator_c: 3.1.5 (/opt/ros/humble/share/rosidl_generator_c/cmake)
-- Found rosidl_adapter: 3.1.5 (/opt/ros/humble/share/rosidl_adapter/cmake)
-- Found rosidl_generator_cpp: 3.1.5 (/opt/ros/humble/share/rosidl_generator_cpp/cmake)
-- Using all available rosidl_typesupport_c: rosidl_typesupport_fastrtps_c;rosidl_typesupport_introspection_c
-- Using all available rosidl_typesupport_cpp: rosidl_typesupport_fastrtps_cpp;rosidl_typesupport_introspection_cpp
-- Found rmw_implementation_cmake: 6.1.2 (/opt/ros/humble/share/rmw_implementation_cmake/cmake)
-- Found rmw_cyclonedds_cpp: 1.3.4 (/opt/ros/humble/share/rmw_cyclonedds_cpp/cmake)
-- Using RMW implementation 'rmw_cyclonedds_cpp' as default
-- Performing Test CMAKE_HAVE_LIBC_PTHREAD
-- Performing Test CMAKE_HAVE_LIBC_PTHREAD - Success
-- Found Threads: TRUE
-- Found robot_interfaces: 0.0.0 (/home/albert/udem2_ws/install/robot_interfaces/share/robot_interfaces/cmake)
-- Found rclcpp_action: 16.0.9 (/opt/ros/humble/share/rclcpp_action/cmake)
-- Found example_interfaces: 0.9.3 (/opt/ros/humble/share/example_interfaces/cmake)
-- Configuring done (3.5s)
-- Generating done (0.0s)
-- Build files have been written to: /home/albert/udem2_ws/build/actions_cpp
[ 16%] [32mBuilding CXX object CMakeFiles/count_until_server.dir/src/count_until_server.cpp.o[0m
[ 16%] [32mBuilding CXX object CMakeFiles/move_robot_server.dir/src/move_robot_server.cpp.o[0m
[ 25%] [32mBuilding CXX object CMakeFiles/count_until_server_queue_goals.dir/src/count_until_server_queue_goals.cpp.o[0m
[ 33%] [32mBuilding CXX object CMakeFiles/move_robot_client.dir/src/move_robot_client.cpp.o[0m
[ 41%] [32mBuilding CXX object CMakeFiles/count_until_client.dir/src/count_until_client.cpp.o[0m
[ 50%] [32mBuilding CXX object CMakeFiles/his_move_robot_client.dir/src/his_move_robot_client.cpp.o[0m
[ 58%] [32m[1mLinking CXX executable count_until_server[0m
[ 58%] Built target count_until_server
[ 66%] [32m[1mLinking CXX executable move_robot_server[0m
[ 75%] [32m[1mLinking CXX executable count_until_server_queue_goals[0m
[ 75%] Built target move_robot_server
[ 75%] Built target count_until_server_queue_goals
[ 83%] [32m[1mLinking CXX executable count_until_client[0m
[ 83%] Built target count_until_client
[ 91%] [32m[1mLinking CXX executable his_move_robot_client[0m
[ 91%] Built target his_move_robot_client
[100%] [32m[1mLinking CXX executable move_robot_client[0m
[100%] Built target move_robot_client
-- Install configuration: ""
-- Installing: /home/albert/udem2_ws/install/actions_cpp/lib/actions_cpp/count_until_server
-- Set non-toolchain portion of runtime path of "/home/albert/udem2_ws/install/actions_cpp/lib/actions_cpp/count_until_server" to ""
-- Installing: /home/albert/udem2_ws/install/actions_cpp/lib/actions_cpp/count_until_server_queue_goals
-- Set non-toolchain portion of runtime path of "/home/albert/udem2_ws/install/actions_cpp/lib/actions_cpp/count_until_server_queue_goals" to ""
-- Installing: /home/albert/udem2_ws/install/actions_cpp/lib/actions_cpp/count_until_client
-- Set non-toolchain portion of runtime path of "/home/albert/udem2_ws/install/actions_cpp/lib/actions_cpp/count_until_client" to ""
-- Installing: /home/albert/udem2_ws/install/actions_cpp/lib/actions_cpp/move_robot_server
-- Set non-toolchain portion of runtime path of "/home/albert/udem2_ws/install/actions_cpp/lib/actions_cpp/move_robot_server" to ""
-- Installing: /home/albert/udem2_ws/install/actions_cpp/lib/actions_cpp/move_robot_client
-- Set non-toolchain portion of runtime path of "/home/albert/udem2_ws/install/actions_cpp/lib/actions_cpp/move_robot_client" to ""
-- Installing: /home/albert/udem2_ws/install/actions_cpp/lib/actions_cpp/his_move_robot_client
-- Set non-toolchain portion of runtime path of "/home/albert/udem2_ws/install/actions_cpp/lib/actions_cpp/his_move_robot_client" to ""
-- Installing: /home/albert/udem2_ws/install/actions_cpp/share/ament_index/resource_index/package_run_dependencies/actions_cpp
-- Installing: /home/albert/udem2_ws/install/actions_cpp/share/ament_index/resource_index/parent_prefix_path/actions_cpp
-- Installing: /home/albert/udem2_ws/install/actions_cpp/share/actions_cpp/environment/ament_prefix_path.sh
-- Installing: /home/albert/udem2_ws/install/actions_cpp/share/actions_cpp/environment/ament_prefix_path.dsv
-- Installing: /home/albert/udem2_ws/install/actions_cpp/share/actions_cpp/environment/path.sh
-- Installing: /home/albert/udem2_ws/install/actions_cpp/share/actions_cpp/environment/path.dsv
-- Installing: /home/albert/udem2_ws/install/actions_cpp/share/actions_cpp/local_setup.bash
-- Installing: /home/albert/udem2_ws/install/actions_cpp/share/actions_cpp/local_setup.sh
-- Installing: /home/albert/udem2_ws/install/actions_cpp/share/actions_cpp/local_setup.zsh
-- Installing: /home/albert/udem2_ws/install/actions_cpp/share/actions_cpp/local_setup.dsv
-- Installing: /home/albert/udem2_ws/install/actions_cpp/share/actions_cpp/package.dsv
-- Installing: /home/albert/udem2_ws/install/actions_cpp/share/ament_index/resource_index/packages/actions_cpp
-- Installing: /home/albert/udem2_ws/install/actions_cpp/share/actions_cpp/cmake/actions_cppConfig.cmake
-- Installing: /home/albert/udem2_ws/install/actions_cpp/share/actions_cpp/cmake/actions_cppConfig-version.cmake
-- Installing: /home/albert/udem2_ws/install/actions_cpp/share/actions_cpp/package.xml
