/home/albert/udem2_ws/install/actions_py/lib/python3.10/site-packages/actions_py/count_until_server.py
/home/albert/udem2_ws/install/actions_py/lib/python3.10/site-packages/actions_py/move_robot_client.py
/home/albert/udem2_ws/install/actions_py/lib/python3.10/site-packages/actions_py/__init__.py
/home/albert/udem2_ws/install/actions_py/lib/python3.10/site-packages/actions_py/move_robot_server.py
/home/albert/udem2_ws/install/actions_py/lib/python3.10/site-packages/actions_py/count_until_client.py
/home/albert/udem2_ws/install/actions_py/lib/python3.10/site-packages/actions_py/__pycache__/count_until_server.cpython-310.pyc
/home/albert/udem2_ws/install/actions_py/lib/python3.10/site-packages/actions_py/__pycache__/move_robot_client.cpython-310.pyc
/home/albert/udem2_ws/install/actions_py/lib/python3.10/site-packages/actions_py/__pycache__/__init__.cpython-310.pyc
/home/albert/udem2_ws/install/actions_py/lib/python3.10/site-packages/actions_py/__pycache__/move_robot_server.cpython-310.pyc
/home/albert/udem2_ws/install/actions_py/lib/python3.10/site-packages/actions_py/__pycache__/count_until_client.cpython-310.pyc
/home/albert/udem2_ws/install/actions_py/share/ament_index/resource_index/packages/actions_py
/home/albert/udem2_ws/install/actions_py/share/actions_py/package.xml
/home/albert/udem2_ws/install/actions_py/lib/python3.10/site-packages/actions_py-0.0.0-py3.10.egg-info/zip-safe
/home/albert/udem2_ws/install/actions_py/lib/python3.10/site-packages/actions_py-0.0.0-py3.10.egg-info/SOURCES.txt
/home/albert/udem2_ws/install/actions_py/lib/python3.10/site-packages/actions_py-0.0.0-py3.10.egg-info/requires.txt
/home/albert/udem2_ws/install/actions_py/lib/python3.10/site-packages/actions_py-0.0.0-py3.10.egg-info/entry_points.txt
/home/albert/udem2_ws/install/actions_py/lib/python3.10/site-packages/actions_py-0.0.0-py3.10.egg-info/top_level.txt
/home/albert/udem2_ws/install/actions_py/lib/python3.10/site-packages/actions_py-0.0.0-py3.10.egg-info/PKG-INFO
/home/albert/udem2_ws/install/actions_py/lib/python3.10/site-packages/actions_py-0.0.0-py3.10.egg-info/dependency_links.txt
/home/albert/udem2_ws/install/actions_py/lib/actions_py/count_until_client
/home/albert/udem2_ws/install/actions_py/lib/actions_py/count_until_server
/home/albert/udem2_ws/install/actions_py/lib/actions_py/move_robot_client
/home/albert/udem2_ws/install/actions_py/lib/actions_py/move_robot_server
