-- The C compiler identification is GNU 11.4.0
-- The CXX compiler identification is GNU 11.4.0
-- Detecting C compiler ABI info
-- Detecting C compiler ABI info - done
-- Check for working C compiler: /usr/bin/cc - skipped
-- Detecting C compile features
-- Detecting C compile features - done
-- Detecting CXX compiler ABI info
-- Detecting CXX compiler ABI info - done
-- Check for working CXX compiler: /usr/bin/c++ - skipped
-- Detecting CXX compile features
-- Detecting CXX compile features - done
-- Found ament_cmake: 1.3.9 (/opt/ros/humble/share/ament_cmake/cmake)
-- Found Python3: /usr/bin/python3 (found version "3.10.12") found components: Interpreter
-- Found rclcpp: 16.0.9 (/opt/ros/humble/share/rclcpp/cmake)
-- Found rosidl_generator_c: 3.1.5 (/opt/ros/humble/share/rosidl_generator_c/cmake)
-- Found rosidl_adapter: 3.1.5 (/opt/ros/humble/share/rosidl_adapter/cmake)
-- Found rosidl_generator_cpp: 3.1.5 (/opt/ros/humble/share/rosidl_generator_cpp/cmake)
-- Using all available rosidl_typesupport_c: rosidl_typesupport_fastrtps_c;rosidl_typesupport_introspection_c
-- Using all available rosidl_typesupport_cpp: rosidl_typesupport_fastrtps_cpp;rosidl_typesupport_introspection_cpp
-- Found rmw_implementation_cmake: 6.1.2 (/opt/ros/humble/share/rmw_implementation_cmake/cmake)
-- Found rmw_cyclonedds_cpp: 1.3.4 (/opt/ros/humble/share/rmw_cyclonedds_cpp/cmake)
-- Using RMW implementation 'rmw_cyclonedds_cpp' as default
-- Performing Test CMAKE_HAVE_LIBC_PTHREAD
-- Performing Test CMAKE_HAVE_LIBC_PTHREAD - Success
-- Found Threads: TRUE
-- Configuring done (2.4s)
-- Generating done (0.0s)
-- Build files have been written to: /home/albert/udem2_ws/build/executors_cpp
[ 25%] [32mBuilding CXX object CMakeFiles/multi_threaded_executor.dir/src/multi_threaded_executor.cpp.o[0m
[ 50%] [32mBuilding CXX object CMakeFiles/single_threaded_executor.dir/src/single_threaded_executor.cpp.o[0m
[ 75%] [32m[1mLinking CXX executable multi_threaded_executor[0m
[ 75%] Built target multi_threaded_executor
[100%] [32m[1mLinking CXX executable single_threaded_executor[0m
[100%] Built target single_threaded_executor
-- Install configuration: ""
-- Installing: /home/albert/udem2_ws/install/executors_cpp/lib/executors_cpp/single_threaded_executor
-- Set non-toolchain portion of runtime path of "/home/albert/udem2_ws/install/executors_cpp/lib/executors_cpp/single_threaded_executor" to ""
-- Installing: /home/albert/udem2_ws/install/executors_cpp/lib/executors_cpp/multi_threaded_executor
-- Set non-toolchain portion of runtime path of "/home/albert/udem2_ws/install/executors_cpp/lib/executors_cpp/multi_threaded_executor" to ""
-- Installing: /home/albert/udem2_ws/install/executors_cpp/share/ament_index/resource_index/package_run_dependencies/executors_cpp
-- Installing: /home/albert/udem2_ws/install/executors_cpp/share/ament_index/resource_index/parent_prefix_path/executors_cpp
-- Installing: /home/albert/udem2_ws/install/executors_cpp/share/executors_cpp/environment/ament_prefix_path.sh
-- Installing: /home/albert/udem2_ws/install/executors_cpp/share/executors_cpp/environment/ament_prefix_path.dsv
-- Installing: /home/albert/udem2_ws/install/executors_cpp/share/executors_cpp/environment/path.sh
-- Installing: /home/albert/udem2_ws/install/executors_cpp/share/executors_cpp/environment/path.dsv
-- Installing: /home/albert/udem2_ws/install/executors_cpp/share/executors_cpp/local_setup.bash
-- Installing: /home/albert/udem2_ws/install/executors_cpp/share/executors_cpp/local_setup.sh
-- Installing: /home/albert/udem2_ws/install/executors_cpp/share/executors_cpp/local_setup.zsh
-- Installing: /home/albert/udem2_ws/install/executors_cpp/share/executors_cpp/local_setup.dsv
-- Installing: /home/albert/udem2_ws/install/executors_cpp/share/executors_cpp/package.dsv
-- Installing: /home/albert/udem2_ws/install/executors_cpp/share/ament_index/resource_index/packages/executors_cpp
-- Installing: /home/albert/udem2_ws/install/executors_cpp/share/executors_cpp/cmake/executors_cppConfig.cmake
-- Installing: /home/albert/udem2_ws/install/executors_cpp/share/executors_cpp/cmake/executors_cppConfig-version.cmake
-- Installing: /home/albert/udem2_ws/install/executors_cpp/share/executors_cpp/package.xml
