[0.746s] Invoking command in '/home/albert/udem2_ws/build/executors_cpp': CMAKE_PREFIX_PATH=${CMAKE_PREFIX_PATH}:/home/albert/bcdc_ws/install/agbot_teleop:/home/albert/bcdc_ws/install/agbot_py:/home/albert/ws_moveit2/install/moveit_configs_utils:/home/albert/ws_moveit2/install/launch_param_builder:/home/albert/umov_ws/install/arduino_py_examples:/home/albert/udem2_ws/install/actions_py:/home/albert/udem2_ws/install/lifecycle_py:/home/albert/udem2_ws/install/executors_py:/home/albert/udem2_ws/install/components_py:/home/albert/udem_ws/install/turtlesim_catcher:/home/albert/udem_ws/install/my_py_pkg:/home/albert/udem_ws/install/lifecycle_py:/home/albert/arduinobot_ws/install/arduinobot_py_examples:/opt/ros/humble /home/albert/.local/bin/cmake /home/albert/udem2_ws/src/executors_cpp -DCMAKE_INSTALL_PREFIX=/home/albert/udem2_ws/install/executors_cpp
[0.815s] -- The C compiler identification is GNU 11.4.0
[0.884s] -- The CXX compiler identification is GNU 11.4.0
[0.899s] -- Detecting C compiler ABI info
[0.983s] -- Detecting C compiler ABI info - done
[1.016s] -- Check for working C compiler: /usr/bin/cc - skipped
[1.016s] -- Detecting C compile features
[1.017s] -- Detecting C compile features - done
[1.023s] -- Detecting CXX compiler ABI info
[1.124s] -- Detecting CXX compiler ABI info - done
[1.170s] -- Check for working CXX compiler: /usr/bin/c++ - skipped
[1.171s] -- Detecting CXX compile features
[1.172s] -- Detecting CXX compile features - done
[1.194s] -- Found ament_cmake: 1.3.9 (/opt/ros/humble/share/ament_cmake/cmake)
[1.457s] -- Found Python3: /usr/bin/python3 (found version "3.10.12") found components: Interpreter
[1.825s] -- Found rclcpp: 16.0.9 (/opt/ros/humble/share/rclcpp/cmake)
[2.097s] -- Found rosidl_generator_c: 3.1.5 (/opt/ros/humble/share/rosidl_generator_c/cmake)
[2.143s] -- Found rosidl_adapter: 3.1.5 (/opt/ros/humble/share/rosidl_adapter/cmake)
[2.194s] -- Found rosidl_generator_cpp: 3.1.5 (/opt/ros/humble/share/rosidl_generator_cpp/cmake)
[2.261s] -- Using all available rosidl_typesupport_c: rosidl_typesupport_fastrtps_c;rosidl_typesupport_introspection_c
[2.328s] -- Using all available rosidl_typesupport_cpp: rosidl_typesupport_fastrtps_cpp;rosidl_typesupport_introspection_cpp
[2.535s] -- Found rmw_implementation_cmake: 6.1.2 (/opt/ros/humble/share/rmw_implementation_cmake/cmake)
[2.557s] -- Found rmw_cyclonedds_cpp: 1.3.4 (/opt/ros/humble/share/rmw_cyclonedds_cpp/cmake)
[2.676s] -- Using RMW implementation 'rmw_cyclonedds_cpp' as default
[2.716s] -- Performing Test CMAKE_HAVE_LIBC_PTHREAD
[2.802s] -- Performing Test CMAKE_HAVE_LIBC_PTHREAD - Success
[2.803s] -- Found Threads: TRUE
[3.153s] -- Configuring done (2.4s)
[3.173s] -- Generating done (0.0s)
[3.176s] -- Build files have been written to: /home/albert/udem2_ws/build/executors_cpp
[3.186s] Invoked command in '/home/albert/udem2_ws/build/executors_cpp' returned '0': CMAKE_PREFIX_PATH=${CMAKE_PREFIX_PATH}:/home/albert/bcdc_ws/install/agbot_teleop:/home/albert/bcdc_ws/install/agbot_py:/home/albert/ws_moveit2/install/moveit_configs_utils:/home/albert/ws_moveit2/install/launch_param_builder:/home/albert/umov_ws/install/arduino_py_examples:/home/albert/udem2_ws/install/actions_py:/home/albert/udem2_ws/install/lifecycle_py:/home/albert/udem2_ws/install/executors_py:/home/albert/udem2_ws/install/components_py:/home/albert/udem_ws/install/turtlesim_catcher:/home/albert/udem_ws/install/my_py_pkg:/home/albert/udem_ws/install/lifecycle_py:/home/albert/arduinobot_ws/install/arduinobot_py_examples:/opt/ros/humble /home/albert/.local/bin/cmake /home/albert/udem2_ws/src/executors_cpp -DCMAKE_INSTALL_PREFIX=/home/albert/udem2_ws/install/executors_cpp
[3.189s] Invoking command in '/home/albert/udem2_ws/build/executors_cpp': CMAKE_PREFIX_PATH=${CMAKE_PREFIX_PATH}:/home/albert/bcdc_ws/install/agbot_teleop:/home/albert/bcdc_ws/install/agbot_py:/home/albert/ws_moveit2/install/moveit_configs_utils:/home/albert/ws_moveit2/install/launch_param_builder:/home/albert/umov_ws/install/arduino_py_examples:/home/albert/udem2_ws/install/actions_py:/home/albert/udem2_ws/install/lifecycle_py:/home/albert/udem2_ws/install/executors_py:/home/albert/udem2_ws/install/components_py:/home/albert/udem_ws/install/turtlesim_catcher:/home/albert/udem_ws/install/my_py_pkg:/home/albert/udem_ws/install/lifecycle_py:/home/albert/arduinobot_ws/install/arduinobot_py_examples:/opt/ros/humble /home/albert/.local/bin/cmake --build /home/albert/udem2_ws/build/executors_cpp -- -j8 -l8
[3.245s] [ 25%] [32mBuilding CXX object CMakeFiles/multi_threaded_executor.dir/src/multi_threaded_executor.cpp.o[0m
[3.248s] [ 50%] [32mBuilding CXX object CMakeFiles/single_threaded_executor.dir/src/single_threaded_executor.cpp.o[0m
[9.987s] [ 75%] [32m[1mLinking CXX executable multi_threaded_executor[0m
[10.463s] [ 75%] Built target multi_threaded_executor
[10.996s] [100%] [32m[1mLinking CXX executable single_threaded_executor[0m
[11.289s] [100%] Built target single_threaded_executor
[11.306s] Invoked command in '/home/albert/udem2_ws/build/executors_cpp' returned '0': CMAKE_PREFIX_PATH=${CMAKE_PREFIX_PATH}:/home/albert/bcdc_ws/install/agbot_teleop:/home/albert/bcdc_ws/install/agbot_py:/home/albert/ws_moveit2/install/moveit_configs_utils:/home/albert/ws_moveit2/install/launch_param_builder:/home/albert/umov_ws/install/arduino_py_examples:/home/albert/udem2_ws/install/actions_py:/home/albert/udem2_ws/install/lifecycle_py:/home/albert/udem2_ws/install/executors_py:/home/albert/udem2_ws/install/components_py:/home/albert/udem_ws/install/turtlesim_catcher:/home/albert/udem_ws/install/my_py_pkg:/home/albert/udem_ws/install/lifecycle_py:/home/albert/arduinobot_ws/install/arduinobot_py_examples:/opt/ros/humble /home/albert/.local/bin/cmake --build /home/albert/udem2_ws/build/executors_cpp -- -j8 -l8
[11.430s] Invoking command in '/home/albert/udem2_ws/build/executors_cpp': CMAKE_PREFIX_PATH=${CMAKE_PREFIX_PATH}:/home/albert/bcdc_ws/install/agbot_teleop:/home/albert/bcdc_ws/install/agbot_py:/home/albert/ws_moveit2/install/moveit_configs_utils:/home/albert/ws_moveit2/install/launch_param_builder:/home/albert/umov_ws/install/arduino_py_examples:/home/albert/udem2_ws/install/actions_py:/home/albert/udem2_ws/install/lifecycle_py:/home/albert/udem2_ws/install/executors_py:/home/albert/udem2_ws/install/components_py:/home/albert/udem_ws/install/turtlesim_catcher:/home/albert/udem_ws/install/my_py_pkg:/home/albert/udem_ws/install/lifecycle_py:/home/albert/arduinobot_ws/install/arduinobot_py_examples:/opt/ros/humble /home/albert/.local/bin/cmake --install /home/albert/udem2_ws/build/executors_cpp
[11.437s] -- Install configuration: ""
[11.437s] -- Installing: /home/albert/udem2_ws/install/executors_cpp/lib/executors_cpp/single_threaded_executor
[11.438s] -- Set non-toolchain portion of runtime path of "/home/albert/udem2_ws/install/executors_cpp/lib/executors_cpp/single_threaded_executor" to ""
[11.438s] -- Installing: /home/albert/udem2_ws/install/executors_cpp/lib/executors_cpp/multi_threaded_executor
[11.439s] -- Set non-toolchain portion of runtime path of "/home/albert/udem2_ws/install/executors_cpp/lib/executors_cpp/multi_threaded_executor" to ""
[11.440s] -- Installing: /home/albert/udem2_ws/install/executors_cpp/share/ament_index/resource_index/package_run_dependencies/executors_cpp
[11.440s] -- Installing: /home/albert/udem2_ws/install/executors_cpp/share/ament_index/resource_index/parent_prefix_path/executors_cpp
[11.440s] -- Installing: /home/albert/udem2_ws/install/executors_cpp/share/executors_cpp/environment/ament_prefix_path.sh
[11.441s] -- Installing: /home/albert/udem2_ws/install/executors_cpp/share/executors_cpp/environment/ament_prefix_path.dsv
[11.441s] -- Installing: /home/albert/udem2_ws/install/executors_cpp/share/executors_cpp/environment/path.sh
[11.441s] -- Installing: /home/albert/udem2_ws/install/executors_cpp/share/executors_cpp/environment/path.dsv
[11.442s] -- Installing: /home/albert/udem2_ws/install/executors_cpp/share/executors_cpp/local_setup.bash
[11.442s] -- Installing: /home/albert/udem2_ws/install/executors_cpp/share/executors_cpp/local_setup.sh
[11.443s] -- Installing: /home/albert/udem2_ws/install/executors_cpp/share/executors_cpp/local_setup.zsh
[11.443s] -- Installing: /home/albert/udem2_ws/install/executors_cpp/share/executors_cpp/local_setup.dsv
[11.443s] -- Installing: /home/albert/udem2_ws/install/executors_cpp/share/executors_cpp/package.dsv
[11.444s] -- Installing: /home/albert/udem2_ws/install/executors_cpp/share/ament_index/resource_index/packages/executors_cpp
[11.444s] -- Installing: /home/albert/udem2_ws/install/executors_cpp/share/executors_cpp/cmake/executors_cppConfig.cmake
[11.445s] -- Installing: /home/albert/udem2_ws/install/executors_cpp/share/executors_cpp/cmake/executors_cppConfig-version.cmake
[11.445s] -- Installing: /home/albert/udem2_ws/install/executors_cpp/share/executors_cpp/package.xml
[11.448s] Invoked command in '/home/albert/udem2_ws/build/executors_cpp' returned '0': CMAKE_PREFIX_PATH=${CMAKE_PREFIX_PATH}:/home/albert/bcdc_ws/install/agbot_teleop:/home/albert/bcdc_ws/install/agbot_py:/home/albert/ws_moveit2/install/moveit_configs_utils:/home/albert/ws_moveit2/install/launch_param_builder:/home/albert/umov_ws/install/arduino_py_examples:/home/albert/udem2_ws/install/actions_py:/home/albert/udem2_ws/install/lifecycle_py:/home/albert/udem2_ws/install/executors_py:/home/albert/udem2_ws/install/components_py:/home/albert/udem_ws/install/turtlesim_catcher:/home/albert/udem_ws/install/my_py_pkg:/home/albert/udem_ws/install/lifecycle_py:/home/albert/arduinobot_ws/install/arduinobot_py_examples:/opt/ros/humble /home/albert/.local/bin/cmake --install /home/albert/udem2_ws/build/executors_cpp
